<?xml version="1.0" encoding="UTF-8"?>
<!-- Generated by org.testng.reporters.JUnitXMLReporter -->
<testsuite ignored="0" hostname="HP-PCTDFHGJ" failures="1" tests="1" name="Parameter Test" time="3.246" errors="0" timestamp="2021-10-31T10:51:58 IST">
  <testcase classname="testNGFramework.CrossBrowserTesting" name="launchBrowser" time="3.194">
    <failure type="org.openqa.selenium.SessionNotCreatedException" message="session not created: This version of ChromeDriver only supports Chrome version 93
Current browser version is 95.0.4638.69 with binary path C:\Program Files (x86)\Google\Chrome\Application\chrome.exe
Build info: version: &amp;apos;3.141.59&amp;apos;, revision: &amp;apos;e82be7d358&amp;apos;, time: &amp;apos;2018-11-14T08:25:53&amp;apos;
System info: host: &amp;apos;HP-PCTDFHGJ&amp;apos;, ip: &amp;apos;192.168.0.114&amp;apos;, os.name: &amp;apos;Windows 7&amp;apos;, os.arch: &amp;apos;amd64&amp;apos;, os.version: &amp;apos;6.1&amp;apos;, java.version: &amp;apos;15.0.2&amp;apos;
Driver info: driver.version: ChromeDriver
remote stacktrace: Backtrace:
	Ordinal0 [0x00CBD403+2479107]
	Ordinal0 [0x00C57D51+2063697]
	Ordinal0 [0x00B620C8+1056968]
	Ordinal0 [0x00B8043A+1180730]
	Ordinal0 [0x00B7C355+1164117]
	Ordinal0 [0x00B79B7F+1153919]
	Ordinal0 [0x00BA9CBF+1350847]
	Ordinal0 [0x00BA992A+1349930]
	Ordinal0 [0x00BA583B+1333307]
	Ordinal0 [0x00B81F94+1187732]
	Ordinal0 [0x00B82DE9+1191401]
	GetHandleVerifier [0x00E3F3F6+1531734]
	GetHandleVerifier [0x00EEE9AE+2249998]
	GetHandleVerifier [0x00D439AB+501003]
	GetHandleVerifier [0x00D42A29+497033]
	Ordinal0 [0x00C5D11D+2085149]
	Ordinal0 [0x00C611C8+2101704]
	Ordinal0 [0x00C61302+2102018]
	Ordinal0 [0x00C6AA71+2140785]
	BaseThreadInitThunk [0x76D933CA+18]
	RtlInitializeExceptionChain [0x77C59ED2+99]
	RtlInitializeExceptionChain [0x77C59EA5+54]
">
      <![CDATA[org.openqa.selenium.SessionNotCreatedException: session not created: This version of ChromeDriver only supports Chrome version 93
Current browser version is 95.0.4638.69 with binary path C:\Program Files (x86)\Google\Chrome\Application\chrome.exe
Build info: version: '3.141.59', revision: 'e82be7d358', time: '2018-11-14T08:25:53'
System info: host: 'HP-PCTDFHGJ', ip: '192.168.0.114', os.name: 'Windows 7', os.arch: 'amd64', os.version: '6.1', java.version: '15.0.2'
Driver info: driver.version: ChromeDriver
remote stacktrace: Backtrace:
Ordinal0 [0x00CBD403+2479107]
Ordinal0 [0x00C57D51+2063697]
Ordinal0 [0x00B620C8+1056968]
Ordinal0 [0x00B8043A+1180730]
Ordinal0 [0x00B7C355+1164117]
Ordinal0 [0x00B79B7F+1153919]
Ordinal0 [0x00BA9CBF+1350847]
Ordinal0 [0x00BA992A+1349930]
Ordinal0 [0x00BA583B+1333307]
Ordinal0 [0x00B81F94+1187732]
Ordinal0 [0x00B82DE9+1191401]
GetHandleVerifier [0x00E3F3F6+1531734]
GetHandleVerifier [0x00EEE9AE+2249998]
GetHandleVerifier [0x00D439AB+501003]
GetHandleVerifier [0x00D42A29+497033]
Ordinal0 [0x00C5D11D+2085149]
Ordinal0 [0x00C611C8+2101704]
Ordinal0 [0x00C61302+2102018]
Ordinal0 [0x00C6AA71+2140785]
BaseThreadInitThunk [0x76D933CA+18]
RtlInitializeExceptionChain [0x77C59ED2+99]
RtlInitializeExceptionChain [0x77C59EA5+54]

at org.openqa.selenium.remote.W3CHandshakeResponse.lambda$errorHandler$0(W3CHandshakeResponse.java:62)
at org.openqa.selenium.remote.HandshakeResponse.lambda$getResponseFunction$0(HandshakeResponse.java:30)
at org.openqa.selenium.remote.ProtocolHandshake.lambda$createSession$0(ProtocolHandshake.java:126)
at java.base/java.util.stream.ReferencePipeline$3$1.accept(ReferencePipeline.java:195)
at java.base/java.util.Spliterators$ArraySpliterator.tryAdvance(Spliterators.java:958)
at java.base/java.util.stream.ReferencePipeline.forEachWithCancel(ReferencePipeline.java:127)
at java.base/java.util.stream.AbstractPipeline.copyIntoWithCancel(AbstractPipeline.java:502)
at java.base/java.util.stream.AbstractPipeline.copyInto(AbstractPipeline.java:488)
at java.base/java.util.stream.AbstractPipeline.wrapAndCopyInto(AbstractPipeline.java:474)
at java.base/java.util.stream.FindOps$FindOp.evaluateSequential(FindOps.java:150)
at java.base/java.util.stream.AbstractPipeline.evaluate(AbstractPipeline.java:234)
at java.base/java.util.stream.ReferencePipeline.findFirst(ReferencePipeline.java:543)
at org.openqa.selenium.remote.ProtocolHandshake.createSession(ProtocolHandshake.java:128)
at org.openqa.selenium.remote.ProtocolHandshake.createSession(ProtocolHandshake.java:74)
at org.openqa.selenium.remote.HttpCommandExecutor.execute(HttpCommandExecutor.java:136)
at org.openqa.selenium.remote.service.DriverCommandExecutor.execute(DriverCommandExecutor.java:83)
at org.openqa.selenium.remote.RemoteWebDriver.execute(RemoteWebDriver.java:552)
at org.openqa.selenium.remote.RemoteWebDriver.startSession(RemoteWebDriver.java:213)
at org.openqa.selenium.remote.RemoteWebDriver.<init>(RemoteWebDriver.java:131)
at org.openqa.selenium.chrome.ChromeDriver.<init>(ChromeDriver.java:181)
at org.openqa.selenium.chrome.ChromeDriver.<init>(ChromeDriver.java:168)
at org.openqa.selenium.chrome.ChromeDriver.<init>(ChromeDriver.java:123)
at testNGFramework.CrossBrowserTesting.launchBrowser(CrossBrowserTesting.java:24)
at java.base/java.util.ArrayList.forEach(ArrayList.java:1511)
... Removed 32 stack frames]]>
    </failure>
  </testcase> <!-- launchBrowser -->
</testsuite> <!-- Parameter Test -->
